  [4;36;1mSQL (0.4ms)[0m   [0;1m SELECT name
 FROM sqlite_master
 WHERE type = 'table' AND NOT name = 'sqlite_sequence'
[0m
  [4;35;1mSQL (0.1ms)[0m   [0mselect sqlite_version(*)[0m
  [4;36;1mSQL (97.3ms)[0m   [0;1mCREATE TABLE "schema_migrations" ("version" varchar(255) NOT NULL) [0m
  [4;35;1mSQL (0.1ms)[0m   [0mPRAGMA index_list("schema_migrations")[0m
  [4;36;1mSQL (96.6ms)[0m   [0;1mCREATE UNIQUE INDEX "unique_schema_migrations" ON "schema_migrations" ("version")[0m
  [4;35;1mSQL (0.1ms)[0m   [0m SELECT name
 FROM sqlite_master
 WHERE type = 'table' AND NOT name = 'sqlite_sequence'
[0m
  [4;36;1mSQL (0.1ms)[0m   [0;1mSELECT version FROM schema_migrations[0m
Migrating to CreateHolidays (20120119163042)
  [4;35;1mSQL (0.3ms)[0m   [0mCREATE TABLE "holidays" ("id" INTEGER PRIMARY KEY AUTOINCREMENT NOT NULL, "datefrom" date, "dateto" date, "created_at" datetime, "updated_at" datetime) [0m
  [4;36;1mSQL (0.1ms)[0m   [0;1mINSERT INTO schema_migrations (version) VALUES ('20120119163042')[0m
  [4;35;1mSQL (0.2ms)[0m   [0m SELECT name
 FROM sqlite_master
 WHERE type = 'table' AND NOT name = 'sqlite_sequence'
[0m
  [4;36;1mSQL (0.1ms)[0m   [0;1mSELECT version FROM schema_migrations[0m
  [4;35;1mSQL (0.1ms)[0m   [0m SELECT name
 FROM sqlite_master
 WHERE type = 'table' AND NOT name = 'sqlite_sequence'
[0m
  [4;36;1mSQL (0.0ms)[0m   [0;1mPRAGMA index_list("holidays")[0m


Processing HolidaysController#index (for 127.0.0.1 at 2012-01-19 16:33:13) [GET]
  [4;36;1mHoliday Load (0.5ms)[0m   [0;1mSELECT * FROM "holidays" [0m
Rendering template within layouts/application
Rendering holidays/index
Completed in 57ms (View: 52, DB: 0) | 200 OK [http://localhost/]


Processing HolidaysController#new (for 127.0.0.1 at 2012-01-19 16:33:16) [GET]
Rendering template within layouts/application
Rendering holidays/new
Rendered holidays/_form (26.4ms)
Completed in 39ms (View: 35, DB: 0) | 200 OK [http://localhost/holidays/new]


Processing HolidaysController#index (for 127.0.0.1 at 2012-01-19 16:33:35) [GET]
  [4;35;1mHoliday Load (0.3ms)[0m   [0mSELECT * FROM "holidays" [0m
Rendering template within layouts/application
Rendering holidays/index
Completed in 6ms (View: 1, DB: 0) | 200 OK [http://localhost/holidays]


Processing HolidaysController#new (for 127.0.0.1 at 2012-01-19 16:33:37) [GET]
Rendering template within layouts/application
Rendering holidays/new
Rendered holidays/_form (11.6ms)
Completed in 17ms (View: 13, DB: 0) | 200 OK [http://localhost/holidays/new]


Processing HolidaysController#index (for 127.0.0.1 at 2012-01-19 16:33:38) [GET]
  [4;36;1mHoliday Load (0.3ms)[0m   [0;1mSELECT * FROM "holidays" [0m
Rendering template within layouts/application
Rendering holidays/index
Completed in 6ms (View: 1, DB: 0) | 200 OK [http://localhost/holidays]


Processing HolidaysController#new (for 127.0.0.1 at 2012-01-19 16:33:39) [GET]
Rendering template within layouts/application
Rendering holidays/new
Rendered holidays/_form (11.7ms)
Completed in 17ms (View: 13, DB: 0) | 200 OK [http://localhost/holidays/new]


Processing HolidaysController#index (for 127.0.0.1 at 2012-01-19 17:05:51) [GET]
  [4;36;1mHoliday Load (0.3ms)[0m   [0;1mSELECT * FROM "holidays" [0m
Rendering template within layouts/application
Rendering holidays/index
Completed in 41ms (View: 38, DB: 0) | 200 OK [http://localhost/holidays]


Processing HolidaysController#index (for 127.0.0.1 at 2012-01-19 17:05:54) [GET]
  [4;35;1mHoliday Load (0.3ms)[0m   [0mSELECT * FROM "holidays" [0m
Rendering template within layouts/application
Rendering holidays/index
Completed in 5ms (View: 1, DB: 0) | 200 OK [http://localhost/]


Processing HolidaysController#new (for 127.0.0.1 at 2012-01-19 17:05:57) [GET]
Rendering template within layouts/application
Rendering holidays/new
Rendered holidays/_form (16.0ms)
Completed in 29ms (View: 25, DB: 0) | 200 OK [http://localhost/holidays/new]
  [4;36;1mSQL (0.5ms)[0m   [0;1m SELECT name
 FROM sqlite_master
 WHERE type = 'table' AND NOT name = 'sqlite_sequence'
[0m
  [4;35;1mSQL (0.1ms)[0m   [0mSELECT version FROM schema_migrations[0m
Migrating to CreateHolidays (20120119163042)
Migrating to AddNumberOfDaysToHolidays (20120119171140)
  [4;36;1mSQL (0.1ms)[0m   [0;1mselect sqlite_version(*)[0m
  [4;35;1mSQL (0.4ms)[0m   [0mALTER TABLE "holidays" ADD "number_of_days" float[0m
  [4;36;1mSQL (0.1ms)[0m   [0;1mINSERT INTO schema_migrations (version) VALUES ('20120119171140')[0m
  [4;35;1mSQL (0.1ms)[0m   [0m SELECT name
 FROM sqlite_master
 WHERE type = 'table' AND NOT name = 'sqlite_sequence'
[0m
  [4;36;1mSQL (0.1ms)[0m   [0;1mSELECT version FROM schema_migrations[0m
  [4;35;1mSQL (0.1ms)[0m   [0m SELECT name
 FROM sqlite_master
 WHERE type = 'table' AND NOT name = 'sqlite_sequence'
[0m
  [4;36;1mSQL (0.0ms)[0m   [0;1mPRAGMA index_list("holidays")[0m


Processing HolidaysController#new (for 127.0.0.1 at 2012-01-19 17:15:03) [GET]
Rendering template within layouts/application
Rendering holidays/new
Rendered holidays/_form (13.5ms)
Completed in 23ms (View: 18, DB: 0) | 200 OK [http://localhost/holidays/new]


Processing HolidaysController#create (for 127.0.0.1 at 2012-01-19 17:15:52) [POST]
  Parameters: {"commit"=>"Save changes", "authenticity_token"=>"p0MghOeURdLIm8SpSKoCfhDvlDA8mcLIHs0GUfneKFU=", "holiday"=>{"number_of_days"=>"6", "dateto(1i)"=>"2012", "dateto(2i)"=>"1", "dateto(3i)"=>"27", "datefrom(1i)"=>"2012", "datefrom(2i)"=>"1", "datefrom(3i)"=>"19"}}
WARNING: Can't mass-assign these protected attributes: number_of_days
  [4;36;1mHoliday Create (0.3ms)[0m   [0;1mINSERT INTO "holidays" ("dateto", "number_of_days", "created_at", "updated_at", "datefrom") VALUES('2012-01-27', NULL, '2012-01-19 17:15:52', '2012-01-19 17:15:52', '2012-01-19')[0m
Redirected to http://localhost:3000/holidays/1
Completed in 126ms (DB: 0) | 302 Found [http://localhost/holidays]


Processing HolidaysController#show (for 127.0.0.1 at 2012-01-19 17:15:52) [GET]
  Parameters: {"id"=>"1"}
  [4;35;1mHoliday Load (0.1ms)[0m   [0mSELECT * FROM "holidays" WHERE ("holidays"."id" = 1) [0m
Rendering template within layouts/application
Rendering holidays/show
Completed in 10ms (View: 7, DB: 0) | 200 OK [http://localhost/holidays/1]


Processing HolidaysController#index (for 127.0.0.1 at 2012-01-19 17:15:56) [GET]
  [4;36;1mHoliday Load (0.4ms)[0m   [0;1mSELECT * FROM "holidays" [0m
Rendering template within layouts/application
Rendering holidays/index
Completed in 11ms (View: 6, DB: 0) | 200 OK [http://localhost/holidays]


Processing HolidaysController#index (for 127.0.0.1 at 2012-01-19 17:16:34) [GET]
  [4;35;1mHoliday Load (0.3ms)[0m   [0mSELECT * FROM "holidays" [0m
Rendering template within layouts/application
Rendering holidays/index
Completed in 11ms (View: 7, DB: 0) | 200 OK [http://localhost/holidays]


Processing HolidaysController#index (for 127.0.0.1 at 2012-01-19 17:16:35) [GET]
  [4;36;1mHoliday Load (0.4ms)[0m   [0;1mSELECT * FROM "holidays" [0m
Rendering template within layouts/application
Rendering holidays/index
Completed in 11ms (View: 6, DB: 0) | 200 OK [http://localhost/holidays]


Processing HolidaysController#index (for 127.0.0.1 at 2012-01-19 17:16:36) [GET]
  [4;35;1mHoliday Load (0.4ms)[0m   [0mSELECT * FROM "holidays" [0m
Rendering template within layouts/application
Rendering holidays/index
Completed in 11ms (View: 6, DB: 0) | 200 OK [http://localhost/holidays]


Processing HolidaysController#index (for 127.0.0.1 at 2012-01-19 17:16:36) [GET]
  [4;36;1mHoliday Load (0.4ms)[0m   [0;1mSELECT * FROM "holidays" [0m
Rendering template within layouts/application
Rendering holidays/index
Completed in 11ms (View: 6, DB: 0) | 200 OK [http://localhost/holidays]


Processing HolidaysController#index (for 127.0.0.1 at 2012-01-19 17:16:36) [GET]
  [4;35;1mHoliday Load (0.4ms)[0m   [0mSELECT * FROM "holidays" [0m
Rendering template within layouts/application
Rendering holidays/index
Completed in 11ms (View: 6, DB: 0) | 200 OK [http://localhost/holidays]


Processing HolidaysController#index (for 127.0.0.1 at 2012-01-19 17:17:23) [GET]
  [4;36;1mHoliday Load (0.5ms)[0m   [0;1mSELECT * FROM "holidays" [0m
Rendering template within layouts/application
Rendering holidays/index
Completed in 64ms (View: 59, DB: 1) | 200 OK [http://localhost/holidays]


Processing HolidaysController#index (for 127.0.0.1 at 2012-01-19 17:17:24) [GET]
  [4;35;1mHoliday Load (0.3ms)[0m   [0mSELECT * FROM "holidays" [0m
Rendering template within layouts/application
Rendering holidays/index
Completed in 9ms (View: 5, DB: 0) | 200 OK [http://localhost/holidays]


Processing HolidaysController#new (for 127.0.0.1 at 2012-01-19 17:17:25) [GET]
Rendering template within layouts/application
Rendering holidays/new
Rendered holidays/_form (17.1ms)
Completed in 31ms (View: 26, DB: 0) | 200 OK [http://localhost/holidays/new]


Processing HolidaysController#create (for 127.0.0.1 at 2012-01-19 17:17:33) [POST]
  Parameters: {"commit"=>"Save changes", "authenticity_token"=>"p0MghOeURdLIm8SpSKoCfhDvlDA8mcLIHs0GUfneKFU=", "holiday"=>{"number_of_days"=>"12", "dateto(1i)"=>"2012", "dateto(2i)"=>"2", "dateto(3i)"=>"6", "datefrom(1i)"=>"2012", "datefrom(2i)"=>"1", "datefrom(3i)"=>"19"}}
WARNING: Can't mass-assign these protected attributes: number_of_days
  [4;36;1mHoliday Create (0.4ms)[0m   [0;1mINSERT INTO "holidays" ("dateto", "number_of_days", "created_at", "updated_at", "datefrom") VALUES('2012-02-06', NULL, '2012-01-19 17:17:33', '2012-01-19 17:17:33', '2012-01-19')[0m
Redirected to http://localhost:3000/holidays/2
Completed in 106ms (DB: 0) | 302 Found [http://localhost/holidays]


Processing HolidaysController#show (for 127.0.0.1 at 2012-01-19 17:17:33) [GET]
  Parameters: {"id"=>"2"}
  [4;35;1mHoliday Load (0.1ms)[0m   [0mSELECT * FROM "holidays" WHERE ("holidays"."id" = 2) [0m
Rendering template within layouts/application
Rendering holidays/show
Completed in 10ms (View: 7, DB: 0) | 200 OK [http://localhost/holidays/2]


Processing HolidaysController#edit (for 127.0.0.1 at 2012-01-19 17:17:53) [GET]
  Parameters: {"id"=>"2"}
  [4;36;1mHoliday Load (0.1ms)[0m   [0;1mSELECT * FROM "holidays" WHERE ("holidays"."id" = 2) [0m
Rendering template within layouts/application
Rendering holidays/edit
Rendered holidays/_form (9.1ms)
Completed in 17ms (View: 13, DB: 0) | 200 OK [http://localhost/holidays/2/edit]


Processing HolidaysController#update (for 127.0.0.1 at 2012-01-19 17:17:56) [PUT]
  Parameters: {"commit"=>"Save changes", "authenticity_token"=>"p0MghOeURdLIm8SpSKoCfhDvlDA8mcLIHs0GUfneKFU=", "holiday"=>{"number_of_days"=>"12.0", "dateto(1i)"=>"2012", "dateto(2i)"=>"2", "dateto(3i)"=>"6", "datefrom(1i)"=>"2012", "datefrom(2i)"=>"1", "datefrom(3i)"=>"19"}, "id"=>"2"}
  [4;35;1mHoliday Load (0.2ms)[0m   [0mSELECT * FROM "holidays" WHERE ("holidays"."id" = 2) [0m
WARNING: Can't mass-assign these protected attributes: number_of_days
Redirected to http://localhost:3000/holidays/2
Completed in 9ms (DB: 0) | 302 Found [http://localhost/holidays/2]


Processing HolidaysController#show (for 127.0.0.1 at 2012-01-19 17:17:56) [GET]
  Parameters: {"id"=>"2"}
  [4;36;1mHoliday Load (0.1ms)[0m   [0;1mSELECT * FROM "holidays" WHERE ("holidays"."id" = 2) [0m
Rendering template within layouts/application
Rendering holidays/show
Completed in 8ms (View: 4, DB: 0) | 200 OK [http://localhost/holidays/2]


Processing HolidaysController#index (for 127.0.0.1 at 2012-01-19 17:17:59) [GET]
  [4;35;1mHoliday Load (0.5ms)[0m   [0mSELECT * FROM "holidays" [0m
Rendering template within layouts/application
Rendering holidays/index
Completed in 15ms (View: 10, DB: 0) | 200 OK [http://localhost/holidays]


Processing HolidaysController#index (for 127.0.0.1 at 2012-01-19 17:18:28) [GET]
  [4;36;1mHoliday Load (0.4ms)[0m   [0;1mSELECT * FROM "holidays" [0m
Rendering template within layouts/application
Rendering holidays/index
Completed in 14ms (View: 10, DB: 0) | 200 OK [http://localhost/holidays]


Processing HolidaysController#index (for 127.0.0.1 at 2012-01-19 17:18:30) [GET]
  [4;35;1mHoliday Load (0.4ms)[0m   [0mSELECT * FROM "holidays" [0m
Rendering template within layouts/application
Rendering holidays/index
Completed in 14ms (View: 9, DB: 0) | 200 OK [http://localhost/holidays]


Processing HolidaysController#index (for 127.0.0.1 at 2012-01-19 17:18:30) [GET]
  [4;36;1mHoliday Load (0.4ms)[0m   [0;1mSELECT * FROM "holidays" [0m
Rendering template within layouts/application
Rendering holidays/index
Completed in 14ms (View: 9, DB: 0) | 200 OK [http://localhost/holidays]


Processing HolidaysController#index (for 127.0.0.1 at 2012-01-19 17:18:31) [GET]
  [4;35;1mHoliday Load (0.3ms)[0m   [0mSELECT * FROM "holidays" [0m
Rendering template within layouts/application
Rendering holidays/index
Completed in 9ms (View: 6, DB: 0) | 200 OK [http://localhost/holidays]


Processing HolidaysController#index (for 127.0.0.1 at 2012-01-19 17:18:46) [GET]
  [4;36;1mHoliday Load (0.4ms)[0m   [0;1mSELECT * FROM "holidays" [0m
Rendering template within layouts/application
Rendering holidays/index
Completed in 14ms (View: 9, DB: 0) | 200 OK [http://localhost/holidays]


Processing HolidaysController#index (for 127.0.0.1 at 2012-01-19 17:18:47) [GET]
  [4;35;1mHoliday Load (0.4ms)[0m   [0mSELECT * FROM "holidays" [0m
Rendering template within layouts/application
Rendering holidays/index
Completed in 14ms (View: 9, DB: 0) | 200 OK [http://localhost/holidays]


Processing HolidaysController#index (for 127.0.0.1 at 2012-01-19 17:18:48) [GET]
  [4;36;1mHoliday Load (0.4ms)[0m   [0;1mSELECT * FROM "holidays" [0m
Rendering template within layouts/application
Rendering holidays/index
Completed in 14ms (View: 9, DB: 0) | 200 OK [http://localhost/holidays]


Processing HolidaysController#index (for 127.0.0.1 at 2012-01-19 17:18:48) [GET]
  [4;35;1mHoliday Load (0.4ms)[0m   [0mSELECT * FROM "holidays" [0m
Rendering template within layouts/application
Rendering holidays/index
Completed in 59ms (View: 8, DB: 0) | 200 OK [http://localhost/holidays]


Processing HolidaysController#index (for 127.0.0.1 at 2012-01-19 17:18:48) [GET]
  [4;36;1mHoliday Load (0.3ms)[0m   [0;1mSELECT * FROM "holidays" [0m
Rendering template within layouts/application
Rendering holidays/index
Completed in 11ms (View: 7, DB: 0) | 200 OK [http://localhost/holidays]


Processing HolidaysController#index (for 127.0.0.1 at 2012-01-19 17:18:48) [GET]
  [4;35;1mHoliday Load (0.3ms)[0m   [0mSELECT * FROM "holidays" [0m
Rendering template within layouts/application
Rendering holidays/index
Completed in 11ms (View: 8, DB: 0) | 200 OK [http://localhost/holidays]


Processing HolidaysController#index (for 127.0.0.1 at 2012-01-19 17:18:48) [GET]
  [4;36;1mHoliday Load (0.4ms)[0m   [0;1mSELECT * FROM "holidays" [0m
Rendering template within layouts/application
Rendering holidays/index
Completed in 14ms (View: 9, DB: 0) | 200 OK [http://localhost/holidays]
  [4;36;1mHoliday Load (0.5ms)[0m   [0;1mSELECT * FROM "holidays" ORDER BY holidays.id DESC LIMIT 1[0m
  [4;35;1mHoliday Load (0.2ms)[0m   [0mSELECT * FROM "holidays" ORDER BY holidays.id DESC LIMIT 1[0m
  [4;36;1mHoliday Delete all (76.1ms)[0m   [0;1mDELETE FROM "holidays" WHERE ("id" IN (2)) [0m
  [4;35;1mHoliday Load (0.2ms)[0m   [0mSELECT * FROM "holidays" [0m
  [4;36;1mHoliday Load (0.2ms)[0m   [0;1mSELECT * FROM "holidays" LIMIT 1[0m
  [4;35;1mHoliday Delete all (69.2ms)[0m   [0mDELETE FROM "holidays" WHERE ("id" IN (1)) [0m
  [4;36;1mHoliday Load (0.1ms)[0m   [0;1mSELECT * FROM "holidays" [0m


Processing HolidaysController#index (for 127.0.0.1 at 2012-01-19 17:19:54) [GET]
  [4;35;1mHoliday Load (0.3ms)[0m   [0mSELECT * FROM "holidays" [0m
Rendering template within layouts/application
Rendering holidays/index
Completed in 6ms (View: 2, DB: 0) | 200 OK [http://localhost/holidays]
WARNING: Can't mass-assign these protected attributes: number_of_days
  [4;35;1mHoliday Create (0.2ms)[0m   [0mINSERT INTO "holidays" ("dateto", "number_of_days", "created_at", "updated_at", "datefrom") VALUES('2012-01-21', NULL, '2012-01-19 17:21:52', '2012-01-19 17:21:52', '2012-01-19')[0m
  [4;36;1mSQL (0.5ms)[0m   [0;1m SELECT name
 FROM sqlite_master
 WHERE type = 'table' AND NOT name = 'sqlite_sequence'
[0m
  [4;35;1mSQL (0.1ms)[0m   [0mSELECT version FROM schema_migrations[0m
Migrating to CreateHolidays (20120119163042)
Migrating to AddNumberOfDaysToHolidays (20120119171140)
  [4;36;1mSQL (0.1ms)[0m   [0;1mselect sqlite_version(*)[0m
  [4;35;1mSQL (0.2ms)[0m   [0m SELECT name
 FROM sqlite_master
 WHERE type = 'table' AND NOT name = 'sqlite_sequence'
[0m
  [4;36;1mSQL (0.1ms)[0m   [0;1mSELECT version FROM schema_migrations[0m
  [4;35;1mSQL (0.2ms)[0m   [0m SELECT name
 FROM sqlite_master
 WHERE type = 'table' AND NOT name = 'sqlite_sequence'
[0m
  [4;36;1mSQL (0.1ms)[0m   [0;1mPRAGMA index_list("holidays")[0m
  [4;36;1mSQL (0.5ms)[0m   [0;1m SELECT name
 FROM sqlite_master
 WHERE type = 'table' AND NOT name = 'sqlite_sequence'
[0m
  [4;35;1mSQL (0.1ms)[0m   [0mSELECT version FROM schema_migrations[0m
  [4;36;1mSQL (0.1ms)[0m   [0;1m SELECT name
 FROM sqlite_master
 WHERE type = 'table' AND NOT name = 'sqlite_sequence'
[0m
  [4;35;1mSQL (0.1ms)[0m   [0mSELECT version FROM schema_migrations[0m
Migrating to AddNumberOfDaysToHolidays (20120119171140)
  [4;36;1mSQL (0.1ms)[0m   [0;1mselect sqlite_version(*)[0m
  [4;35;1mSQL (0.6ms)[0m   [0mCREATE TEMPORARY TABLE "altered_holidays" ("id" INTEGER PRIMARY KEY AUTOINCREMENT NOT NULL, "datefrom" date, "dateto" date, "created_at" datetime, "updated_at" datetime, "number_of_days" float) [0m
  [4;36;1mSQL (0.1ms)[0m   [0;1mPRAGMA index_list("holidays")[0m
  [4;35;1mSQL (0.2ms)[0m   [0mDROP TABLE "holidays"[0m
  [4;36;1mSQL (0.2ms)[0m   [0;1mCREATE TABLE "holidays" ("id" INTEGER PRIMARY KEY AUTOINCREMENT NOT NULL, "datefrom" date, "dateto" date, "created_at" datetime, "updated_at" datetime) [0m
  [4;35;1mSQL (0.0ms)[0m   [0mPRAGMA index_list("altered_holidays")[0m
  [4;36;1mSQL (0.2ms)[0m   [0;1mDROP TABLE "altered_holidays"[0m
  [4;35;1mSQL (0.1ms)[0m   [0mDELETE FROM schema_migrations WHERE version = '20120119171140'[0m
  [4;36;1mSQL (0.1ms)[0m   [0;1m SELECT name
 FROM sqlite_master
 WHERE type = 'table' AND NOT name = 'sqlite_sequence'
[0m
  [4;35;1mSQL (0.1ms)[0m   [0mSELECT version FROM schema_migrations[0m
  [4;36;1mSQL (0.1ms)[0m   [0;1m SELECT name
 FROM sqlite_master
 WHERE type = 'table' AND NOT name = 'sqlite_sequence'
[0m
  [4;35;1mSQL (0.0ms)[0m   [0mPRAGMA index_list("holidays")[0m
  [4;36;1mSQL (0.5ms)[0m   [0;1m SELECT name
 FROM sqlite_master
 WHERE type = 'table' AND NOT name = 'sqlite_sequence'
[0m
  [4;35;1mSQL (0.1ms)[0m   [0mSELECT version FROM schema_migrations[0m
Migrating to CreateHolidays (20120119163042)
Migrating to AddNumberOfDaysToHolidays (20120119171140)
  [4;36;1mSQL (0.1ms)[0m   [0;1mselect sqlite_version(*)[0m
  [4;35;1mSQL (0.5ms)[0m   [0mALTER TABLE "holidays" ADD "number_of_days" varchar(255)[0m
  [4;36;1mSQL (0.1ms)[0m   [0;1mINSERT INTO schema_migrations (version) VALUES ('20120119171140')[0m
  [4;35;1mSQL (0.1ms)[0m   [0m SELECT name
 FROM sqlite_master
 WHERE type = 'table' AND NOT name = 'sqlite_sequence'
[0m
  [4;36;1mSQL (0.1ms)[0m   [0;1mSELECT version FROM schema_migrations[0m
  [4;35;1mSQL (0.1ms)[0m   [0m SELECT name
 FROM sqlite_master
 WHERE type = 'table' AND NOT name = 'sqlite_sequence'
[0m
  [4;36;1mSQL (0.0ms)[0m   [0;1mPRAGMA index_list("holidays")[0m
WARNING: Can't mass-assign these protected attributes: number_of_days
  [4;36;1mHoliday Create (0.4ms)[0m   [0;1mINSERT INTO "holidays" ("dateto", "number_of_days", "created_at", "updated_at", "datefrom") VALUES('2012-01-21', NULL, '2012-01-19 17:24:36', '2012-01-19 17:24:36', '2012-01-19')[0m
  [4;35;1mHoliday Create (0.2ms)[0m   [0mINSERT INTO "holidays" ("dateto", "number_of_days", "created_at", "updated_at", "datefrom") VALUES('2012-01-21', '2', '2012-01-19 17:25:20', '2012-01-19 17:25:20', '2012-01-19')[0m
  [4;36;1mHoliday Load (0.2ms)[0m   [0;1mSELECT * FROM "holidays" [0m


Processing HolidaysController#index (for 127.0.0.1 at 2012-01-19 17:25:54) [GET]
  [4;36;1mHoliday Load (0.6ms)[0m   [0;1mSELECT * FROM "holidays" [0m
Rendering template within layouts/application
Rendering holidays/index
Completed in 68ms (View: 63, DB: 1) | 200 OK [http://localhost/holidays]


Processing HolidaysController#new (for 127.0.0.1 at 2012-01-19 17:25:58) [GET]
Rendering template within layouts/application
Rendering holidays/new
Rendered holidays/_form (16.9ms)
Completed in 30ms (View: 25, DB: 0) | 200 OK [http://localhost/holidays/new]


Processing HolidaysController#create (for 127.0.0.1 at 2012-01-19 17:26:06) [POST]
  Parameters: {"commit"=>"Save changes", "authenticity_token"=>"p0MghOeURdLIm8SpSKoCfhDvlDA8mcLIHs0GUfneKFU=", "holiday"=>{"number_of_days"=>"1", "dateto(1i)"=>"2012", "dateto(2i)"=>"1", "dateto(3i)"=>"20", "datefrom(1i)"=>"2012", "datefrom(2i)"=>"1", "datefrom(3i)"=>"19"}}
  [4;35;1mHoliday Create (0.4ms)[0m   [0mINSERT INTO "holidays" ("dateto", "number_of_days", "created_at", "updated_at", "datefrom") VALUES('2012-01-20', '1', '2012-01-19 17:26:06', '2012-01-19 17:26:06', '2012-01-19')[0m
Redirected to http://localhost:3000/holidays/6
Completed in 97ms (DB: 0) | 302 Found [http://localhost/holidays]


Processing HolidaysController#show (for 127.0.0.1 at 2012-01-19 17:26:06) [GET]
  Parameters: {"id"=>"6"}
  [4;36;1mHoliday Load (0.1ms)[0m   [0;1mSELECT * FROM "holidays" WHERE ("holidays"."id" = 6) [0m
Rendering template within layouts/application
Rendering holidays/show
Completed in 11ms (View: 7, DB: 0) | 200 OK [http://localhost/holidays/6]


Processing HolidaysController#index (for 127.0.0.1 at 2012-01-19 17:26:07) [GET]
  [4;35;1mHoliday Load (0.5ms)[0m   [0mSELECT * FROM "holidays" [0m
Rendering template within layouts/application
Rendering holidays/index
Completed in 19ms (View: 14, DB: 1) | 200 OK [http://localhost/holidays]


Processing HolidaysController#show (for 127.0.0.1 at 2012-01-19 17:26:29) [GET]
  Parameters: {"id"=>"6"}
  [4;36;1mHoliday Load (0.2ms)[0m   [0;1mSELECT * FROM "holidays" WHERE ("holidays"."id" = 6) [0m
Rendering template within layouts/application
Rendering holidays/show
Completed in 10ms (View: 5, DB: 0) | 200 OK [http://localhost/holidays/6]


Processing HolidaysController#show (for 127.0.0.1 at 2012-01-19 17:27:15) [GET]
  Parameters: {"id"=>"6"}
  [4;35;1mHoliday Load (0.2ms)[0m   [0mSELECT * FROM "holidays" WHERE ("holidays"."id" = 6) [0m
Rendering template within layouts/application
Rendering holidays/show
Completed in 15ms (View: 10, DB: 0) | 200 OK [http://localhost/holidays/6]


Processing HolidaysController#show (for 127.0.0.1 at 2012-01-19 17:42:52) [GET]
  Parameters: {"id"=>"6"}
  [4;36;1mHoliday Load (0.1ms)[0m   [0;1mSELECT * FROM "holidays" WHERE ("holidays"."id" = 6) [0m
Rendering template within layouts/application
Rendering holidays/show
Completed in 8ms (View: 4, DB: 0) | 200 OK [http://localhost/holidays/6]


Processing HolidaysController#show (for 127.0.0.1 at 2012-01-19 17:42:53) [GET]
  Parameters: {"id"=>"6"}
  [4;35;1mHoliday Load (0.2ms)[0m   [0mSELECT * FROM "holidays" WHERE ("holidays"."id" = 6) [0m
Rendering template within layouts/application
Rendering holidays/show
Completed in 10ms (View: 5, DB: 0) | 200 OK [http://localhost/holidays/6]


Processing HolidaysController#index (for 127.0.0.1 at 2012-01-19 17:42:57) [GET]
  [4;36;1mHoliday Load (0.5ms)[0m   [0;1mSELECT * FROM "holidays" [0m
Rendering template within layouts/application
Rendering holidays/index
Completed in 24ms (View: 19, DB: 1) | 200 OK [http://localhost/]


Processing HolidaysController#index (for 127.0.0.1 at 2012-01-19 17:48:11) [GET]
  [4;35;1mHoliday Load (0.5ms)[0m   [0mSELECT * FROM "holidays" [0m
Rendering template within layouts/application
Rendering holidays/index
Completed in 24ms (View: 19, DB: 0) | 200 OK [http://localhost/]


Processing HolidaysController#destroy (for 127.0.0.1 at 2012-01-19 18:01:10) [DELETE]
  Parameters: {"authenticity_token"=>"p0MghOeURdLIm8SpSKoCfhDvlDA8mcLIHs0GUfneKFU=", "id"=>"3"}
  [4;36;1mHoliday Load (0.2ms)[0m   [0;1mSELECT * FROM "holidays" WHERE ("holidays"."id" = 3) [0m
  [4;35;1mHoliday Destroy (0.2ms)[0m   [0mDELETE FROM "holidays" WHERE "id" = 3[0m
Redirected to http://localhost:3000/holidays
Completed in 86ms (DB: 0) | 302 Found [http://localhost/holidays/3]


Processing HolidaysController#index (for 127.0.0.1 at 2012-01-19 18:01:10) [GET]
  [4;36;1mHoliday Load (0.3ms)[0m   [0;1mSELECT * FROM "holidays" [0m
Rendering template within layouts/application
Rendering holidays/index
Completed in 12ms (View: 9, DB: 0) | 200 OK [http://localhost/holidays]


Processing HolidaysController#destroy (for 127.0.0.1 at 2012-01-19 18:01:13) [DELETE]
  Parameters: {"authenticity_token"=>"p0MghOeURdLIm8SpSKoCfhDvlDA8mcLIHs0GUfneKFU=", "id"=>"4"}
  [4;35;1mHoliday Load (0.1ms)[0m   [0mSELECT * FROM "holidays" WHERE ("holidays"."id" = 4) [0m
  [4;36;1mHoliday Destroy (0.1ms)[0m   [0;1mDELETE FROM "holidays" WHERE "id" = 4[0m
Redirected to http://localhost:3000/holidays
Completed in 51ms (DB: 0) | 302 Found [http://localhost/holidays/4]


Processing HolidaysController#index (for 127.0.0.1 at 2012-01-19 18:01:13) [GET]
  [4;35;1mHoliday Load (0.4ms)[0m   [0mSELECT * FROM "holidays" [0m
Rendering template within layouts/application
Rendering holidays/index
Completed in 10ms (View: 6, DB: 0) | 200 OK [http://localhost/holidays]


Processing HolidaysController#index (for 127.0.0.1 at 2012-01-19 18:18:56) [GET]
  [4;36;1mHoliday Load (0.4ms)[0m   [0;1mSELECT * FROM "holidays" [0m
Rendering template within layouts/application
Rendering holidays/index
Completed in 14ms (View: 9, DB: 0) | 200 OK [http://localhost/holidays]


Processing HolidaysController#new (for 127.0.0.1 at 2012-01-19 18:18:58) [GET]
Rendering template within layouts/application
Rendering holidays/new
Rendered holidays/_form (13.0ms)
Completed in 20ms (View: 15, DB: 0) | 200 OK [http://localhost/holidays/new]


Processing HolidaysController#create (for 127.0.0.1 at 2012-01-19 18:19:00) [POST]
  Parameters: {"commit"=>"Save changes", "authenticity_token"=>"p0MghOeURdLIm8SpSKoCfhDvlDA8mcLIHs0GUfneKFU=", "holiday"=>{"number_of_days"=>"", "dateto(1i)"=>"2012", "dateto(2i)"=>"1", "dateto(3i)"=>"19", "datefrom(1i)"=>"2012", "datefrom(2i)"=>"1", "datefrom(3i)"=>"19"}}
Rendering template within layouts/application
Rendering holidays/new
Rendered holidays/_form (14.5ms)
Completed in 23ms (View: 16, DB: 0) | 200 OK [http://localhost/holidays]


Processing HolidaysController#index (for 127.0.0.1 at 2012-01-19 18:52:46) [GET]
  Parameters: {"action"=>"index", "controller"=>"holidays"}
  [4;36;1mHoliday Load (0.6ms)[0m   [0;1mSELECT * FROM "holidays" [0m
Rendering template within layouts/application
Rendering holidays/index
Completed in 27ms (View: 22, DB: 1) | 200 OK [http://localhost/]


Processing UsersController#index (for 127.0.0.1 at 2012-01-19 18:52:52) [GET]
  Parameters: {"action"=>"index", "controller"=>"users"}

ActionController::UnknownAction (No action responded to index. Actions: create, current_user, logged_in?, login_required, new, and redirect_to_target_or_default):
  /usr/lib/ruby/1.8/webrick/httpserver.rb:104:in `service'
  /usr/lib/ruby/1.8/webrick/httpserver.rb:65:in `run'
  /usr/lib/ruby/1.8/webrick/server.rb:173:in `start_thread'
  /usr/lib/ruby/1.8/webrick/server.rb:162:in `start'
  /usr/lib/ruby/1.8/webrick/server.rb:162:in `start_thread'
  /usr/lib/ruby/1.8/webrick/server.rb:95:in `start'
  /usr/lib/ruby/1.8/webrick/server.rb:92:in `each'
  /usr/lib/ruby/1.8/webrick/server.rb:92:in `start'
  /usr/lib/ruby/1.8/webrick/server.rb:23:in `start'
  /usr/lib/ruby/1.8/webrick/server.rb:82:in `start'

Rendering rescues/layout (not_found)


Processing ApplicationController#index (for 127.0.0.1 at 2012-01-19 18:52:56) [GET]

ActionController::RoutingError (No route matches "/user" with {:method=>:get}):
  /usr/lib/ruby/1.8/webrick/httpserver.rb:104:in `service'
  /usr/lib/ruby/1.8/webrick/httpserver.rb:65:in `run'
  /usr/lib/ruby/1.8/webrick/server.rb:173:in `start_thread'
  /usr/lib/ruby/1.8/webrick/server.rb:162:in `start'
  /usr/lib/ruby/1.8/webrick/server.rb:162:in `start_thread'
  /usr/lib/ruby/1.8/webrick/server.rb:95:in `start'
  /usr/lib/ruby/1.8/webrick/server.rb:92:in `each'
  /usr/lib/ruby/1.8/webrick/server.rb:92:in `start'
  /usr/lib/ruby/1.8/webrick/server.rb:23:in `start'
  /usr/lib/ruby/1.8/webrick/server.rb:82:in `start'

Rendering rescues/layout (not_found)


Processing UsersController#index (for 127.0.0.1 at 2012-01-19 18:52:58) [GET]
  Parameters: {"action"=>"index", "controller"=>"users"}

ActionController::UnknownAction (No action responded to index. Actions: create, current_user, logged_in?, login_required, new, and redirect_to_target_or_default):
  /usr/lib/ruby/1.8/webrick/httpserver.rb:104:in `service'
  /usr/lib/ruby/1.8/webrick/httpserver.rb:65:in `run'
  /usr/lib/ruby/1.8/webrick/server.rb:173:in `start_thread'
  /usr/lib/ruby/1.8/webrick/server.rb:162:in `start'
  /usr/lib/ruby/1.8/webrick/server.rb:162:in `start_thread'
  /usr/lib/ruby/1.8/webrick/server.rb:95:in `start'
  /usr/lib/ruby/1.8/webrick/server.rb:92:in `each'
  /usr/lib/ruby/1.8/webrick/server.rb:92:in `start'
  /usr/lib/ruby/1.8/webrick/server.rb:23:in `start'
  /usr/lib/ruby/1.8/webrick/server.rb:82:in `start'

Rendering rescues/layout (not_found)


Processing UsersController#new (for 127.0.0.1 at 2012-01-19 18:53:08) [GET]
  Parameters: {"action"=>"new", "controller"=>"users"}

ActiveRecord::StatementInvalid (Could not find table 'users'):
  app/controllers/users_controller.rb:3:in `new'
  app/controllers/users_controller.rb:3:in `new'
  /usr/lib/ruby/1.8/webrick/httpserver.rb:104:in `service'
  /usr/lib/ruby/1.8/webrick/httpserver.rb:65:in `run'
  /usr/lib/ruby/1.8/webrick/server.rb:173:in `start_thread'
  /usr/lib/ruby/1.8/webrick/server.rb:162:in `start'
  /usr/lib/ruby/1.8/webrick/server.rb:162:in `start_thread'
  /usr/lib/ruby/1.8/webrick/server.rb:95:in `start'
  /usr/lib/ruby/1.8/webrick/server.rb:92:in `each'
  /usr/lib/ruby/1.8/webrick/server.rb:92:in `start'
  /usr/lib/ruby/1.8/webrick/server.rb:23:in `start'
  /usr/lib/ruby/1.8/webrick/server.rb:82:in `start'

Rendered rescues/_trace (82.8ms)
Rendered rescues/_request_and_response (1.3ms)
Rendering rescues/layout (internal_server_error)


Processing UsersController#show (for 127.0.0.1 at 2012-01-19 18:53:14) [GET]
  Parameters: {"action"=>"show", "id"=>"signup", "controller"=>"users"}

ActionController::UnknownAction (No action responded to show. Actions: create, current_user, logged_in?, login_required, new, and redirect_to_target_or_default):
  /usr/lib/ruby/1.8/webrick/httpserver.rb:104:in `service'
  /usr/lib/ruby/1.8/webrick/httpserver.rb:65:in `run'
  /usr/lib/ruby/1.8/webrick/server.rb:173:in `start_thread'
  /usr/lib/ruby/1.8/webrick/server.rb:162:in `start'
  /usr/lib/ruby/1.8/webrick/server.rb:162:in `start_thread'
  /usr/lib/ruby/1.8/webrick/server.rb:95:in `start'
  /usr/lib/ruby/1.8/webrick/server.rb:92:in `each'
  /usr/lib/ruby/1.8/webrick/server.rb:92:in `start'
  /usr/lib/ruby/1.8/webrick/server.rb:23:in `start'
  /usr/lib/ruby/1.8/webrick/server.rb:82:in `start'

Rendering rescues/layout (not_found)


Processing UsersController#show (for 127.0.0.1 at 2012-01-19 18:53:22) [GET]
  Parameters: {"action"=>"show", "id"=>"create", "controller"=>"users"}

ActionController::UnknownAction (No action responded to show. Actions: create, current_user, logged_in?, login_required, new, and redirect_to_target_or_default):
  /usr/lib/ruby/1.8/webrick/httpserver.rb:104:in `service'
  /usr/lib/ruby/1.8/webrick/httpserver.rb:65:in `run'
  /usr/lib/ruby/1.8/webrick/server.rb:173:in `start_thread'
  /usr/lib/ruby/1.8/webrick/server.rb:162:in `start'
  /usr/lib/ruby/1.8/webrick/server.rb:162:in `start_thread'
  /usr/lib/ruby/1.8/webrick/server.rb:95:in `start'
  /usr/lib/ruby/1.8/webrick/server.rb:92:in `each'
  /usr/lib/ruby/1.8/webrick/server.rb:92:in `start'
  /usr/lib/ruby/1.8/webrick/server.rb:23:in `start'
  /usr/lib/ruby/1.8/webrick/server.rb:82:in `start'

Rendering rescues/layout (not_found)


Processing UsersController#new (for 127.0.0.1 at 2012-01-19 18:53:27) [GET]
  Parameters: {"action"=>"new", "controller"=>"users"}

ActiveRecord::StatementInvalid (Could not find table 'users'):
  app/controllers/users_controller.rb:3:in `new'
  app/controllers/users_controller.rb:3:in `new'
  /usr/lib/ruby/1.8/webrick/httpserver.rb:104:in `service'
  /usr/lib/ruby/1.8/webrick/httpserver.rb:65:in `run'
  /usr/lib/ruby/1.8/webrick/server.rb:173:in `start_thread'
  /usr/lib/ruby/1.8/webrick/server.rb:162:in `start'
  /usr/lib/ruby/1.8/webrick/server.rb:162:in `start_thread'
  /usr/lib/ruby/1.8/webrick/server.rb:95:in `start'
  /usr/lib/ruby/1.8/webrick/server.rb:92:in `each'
  /usr/lib/ruby/1.8/webrick/server.rb:92:in `start'
  /usr/lib/ruby/1.8/webrick/server.rb:23:in `start'
  /usr/lib/ruby/1.8/webrick/server.rb:82:in `start'

Rendered rescues/_trace (36.0ms)
Rendered rescues/_request_and_response (0.3ms)
Rendering rescues/layout (internal_server_error)


Processing HolidaysController#index (for 127.0.0.1 at 2012-01-19 19:01:02) [GET]
  Parameters: {"action"=>"index", "controller"=>"holidays"}
  [4;35;1mHoliday Load (0.4ms)[0m   [0mSELECT * FROM "holidays" [0m
Rendering template within layouts/application
Rendering holidays/index
Completed in 17ms (View: 9, DB: 0) | 200 OK [http://localhost/]


Processing UsersController#new (for 127.0.0.1 at 2012-01-19 19:01:09) [GET]
  Parameters: {"action"=>"new", "controller"=>"users"}

ActiveRecord::StatementInvalid (Could not find table 'users'):
  app/controllers/users_controller.rb:3:in `new'
  app/controllers/users_controller.rb:3:in `new'
  /usr/lib/ruby/1.8/webrick/httpserver.rb:104:in `service'
  /usr/lib/ruby/1.8/webrick/httpserver.rb:65:in `run'
  /usr/lib/ruby/1.8/webrick/server.rb:173:in `start_thread'
  /usr/lib/ruby/1.8/webrick/server.rb:162:in `start'
  /usr/lib/ruby/1.8/webrick/server.rb:162:in `start_thread'
  /usr/lib/ruby/1.8/webrick/server.rb:95:in `start'
  /usr/lib/ruby/1.8/webrick/server.rb:92:in `each'
  /usr/lib/ruby/1.8/webrick/server.rb:92:in `start'
  /usr/lib/ruby/1.8/webrick/server.rb:23:in `start'
  /usr/lib/ruby/1.8/webrick/server.rb:82:in `start'

Rendered rescues/_trace (37.0ms)
Rendered rescues/_request_and_response (0.3ms)
Rendering rescues/layout (internal_server_error)
  [4;36;1mSQL (0.5ms)[0m   [0;1m SELECT name
 FROM sqlite_master
 WHERE type = 'table' AND NOT name = 'sqlite_sequence'
[0m
  [4;35;1mSQL (0.1ms)[0m   [0mSELECT version FROM schema_migrations[0m
Migrating to CreateHolidays (20120119163042)
Migrating to AddNumberOfDaysToHolidays (20120119171140)
Migrating to CreateUsers (20120119183012)
  [4;36;1mSQL (0.1ms)[0m   [0;1mselect sqlite_version(*)[0m
  [4;35;1mSQL (0.5ms)[0m   [0mCREATE TABLE "users" ("id" INTEGER PRIMARY KEY AUTOINCREMENT NOT NULL, "username" varchar(255), "email" varchar(255), "password_hash" varchar(255), "password_salt" varchar(255), "created_at" datetime, "updated_at" datetime) [0m
  [4;36;1mSQL (0.1ms)[0m   [0;1mINSERT INTO schema_migrations (version) VALUES ('20120119183012')[0m
  [4;35;1mSQL (0.1ms)[0m   [0m SELECT name
 FROM sqlite_master
 WHERE type = 'table' AND NOT name = 'sqlite_sequence'
[0m
  [4;36;1mSQL (0.1ms)[0m   [0;1mSELECT version FROM schema_migrations[0m
  [4;35;1mSQL (0.1ms)[0m   [0m SELECT name
 FROM sqlite_master
 WHERE type = 'table' AND NOT name = 'sqlite_sequence'
[0m
  [4;36;1mSQL (0.0ms)[0m   [0;1mPRAGMA index_list("holidays")[0m
  [4;35;1mSQL (0.0ms)[0m   [0mPRAGMA index_list("users")[0m


Processing HolidaysController#index (for 127.0.0.1 at 2012-01-19 19:01:49) [GET]
  Parameters: {"action"=>"index", "controller"=>"holidays"}
  [4;36;1mHoliday Load (0.6ms)[0m   [0;1mSELECT * FROM "holidays" [0m
Rendering template within layouts/application
Rendering holidays/index
Completed in 31ms (View: 22, DB: 1) | 200 OK [http://localhost/]


Processing UsersController#new (for 127.0.0.1 at 2012-01-19 19:01:55) [GET]
  Parameters: {"action"=>"new", "controller"=>"users"}
Rendering template within layouts/application
Rendering users/new
Completed in 24ms (View: 13, DB: 0) | 200 OK [http://localhost/signup]
  [4;36;1mUser Load (0.1ms)[0m   [0;1mSELECT "users".id FROM "users" WHERE ("users"."username" = 'elliot') LIMIT 1[0m
  [4;35;1mUser Load (0.1ms)[0m   [0mSELECT "users".id FROM "users" WHERE ("users"."email" = 'me@elliotwainwright.com') LIMIT 1[0m
  [4;36;1mUser Create (0.4ms)[0m   [0;1mINSERT INTO "users" ("created_at", "updated_at", "username", "password_salt", "password_hash", "email") VALUES('2012-01-19 19:03:14', '2012-01-19 19:03:14', 'elliot', '87c2d8102df778aecfad6b536fb1a9c66ebc4998', 'd218aeeaf78cf9da0b918b6fe7c738b1fe281e3a', 'me@elliotwainwright.com')[0m


Processing SessionsController#new (for 127.0.0.1 at 2012-01-19 19:14:06) [GET]
  Parameters: {"action"=>"new", "controller"=>"sessions"}
Rendering template within layouts/application
Rendering sessions/new
Completed in 10ms (View: 9, DB: 0) | 200 OK [http://localhost/login]


Processing HolidaysController#index (for 127.0.0.1 at 2012-01-19 19:14:10) [GET]
  Parameters: {"action"=>"index", "controller"=>"holidays"}
  [4;36;1mHoliday Load (0.6ms)[0m   [0;1mSELECT * FROM "holidays" [0m
Rendering template within layouts/application
Rendering holidays/index
Completed in 23ms (View: 15, DB: 1) | 200 OK [http://localhost/]


Processing SessionsController#new (for 127.0.0.1 at 2012-01-19 19:14:15) [GET]
  Parameters: {"action"=>"new", "controller"=>"sessions"}
Rendering template within layouts/application
Rendering sessions/new
Completed in 5ms (View: 3, DB: 0) | 200 OK [http://localhost/login]


Processing SessionsController#create (for 127.0.0.1 at 2012-01-19 19:14:25) [POST]
  Parameters: {"commit"=>"Log in", "action"=>"create", "authenticity_token"=>"p0MghOeURdLIm8SpSKoCfhDvlDA8mcLIHs0GUfneKFU=", "controller"=>"sessions", "login"=>"elliot", "password"=>"[FILTERED]"}
  [4;35;1mUser Load (0.2ms)[0m   [0mSELECT * FROM "users" WHERE ("users"."username" = 'elliot') LIMIT 1[0m
Rendering template within layouts/application
Rendering sessions/new
Completed in 15ms (View: 3, DB: 0) | 200 OK [http://localhost/sessions]


Processing SessionsController#create (for 127.0.0.1 at 2012-01-19 19:14:39) [POST]
  Parameters: {"commit"=>"Log in", "action"=>"create", "authenticity_token"=>"p0MghOeURdLIm8SpSKoCfhDvlDA8mcLIHs0GUfneKFU=", "controller"=>"sessions", "login"=>"me@elliotwainwright.com", "password"=>"[FILTERED]"}
  [4;36;1mUser Load (0.2ms)[0m   [0;1mSELECT * FROM "users" WHERE ("users"."username" = 'me@elliotwainwright.com') LIMIT 1[0m
  [4;35;1mUser Load (0.2ms)[0m   [0mSELECT * FROM "users" WHERE ("users"."email" = 'me@elliotwainwright.com') LIMIT 1[0m
Rendering template within layouts/application
Rendering sessions/new
Completed in 12ms (View: 3, DB: 0) | 200 OK [http://localhost/sessions]


Processing SessionsController#create (for 127.0.0.1 at 2012-01-19 19:14:44) [POST]
  Parameters: {"commit"=>"Log in", "action"=>"create", "authenticity_token"=>"p0MghOeURdLIm8SpSKoCfhDvlDA8mcLIHs0GUfneKFU=", "controller"=>"sessions", "login"=>"me@elliotwainwright.com", "password"=>"[FILTERED]"}
  [4;36;1mUser Load (0.1ms)[0m   [0;1mSELECT * FROM "users" WHERE ("users"."username" = 'me@elliotwainwright.com') LIMIT 1[0m
  [4;35;1mUser Load (0.2ms)[0m   [0mSELECT * FROM "users" WHERE ("users"."email" = 'me@elliotwainwright.com') LIMIT 1[0m
Redirected to http://localhost:3000/
Completed in 9ms (DB: 0) | 302 Found [http://localhost/sessions]


Processing HolidaysController#index (for 127.0.0.1 at 2012-01-19 19:14:44) [GET]
  Parameters: {"action"=>"index", "controller"=>"holidays"}
  [4;36;1mHoliday Load (0.3ms)[0m   [0;1mSELECT * FROM "holidays" [0m
Rendering template within layouts/application
Rendering holidays/index
Completed in 10ms (View: 7, DB: 0) | 200 OK [http://localhost/]
